Using pre-set license
Built from '2020.3/staging' branch; Version is '2020.3.0f1 (c7b5465681fb) revision 13088070'; Using compiler version '192528614'; Build Type 'Release'
OS: 'Windows 10 Pro; OS build 19041.1052; Version 2004; 64bit' Language: 'pt' Physical Memory: 12270 MB
BatchMode: 1, IsHumanControllingUs: 0, StartBugReporterOnCrash: 0, Is64bit: 1, IsPro: 0

 COMMAND LINE ARGUMENTS:
D:\Program Files (x86)\Unity\unityeditorfolder\2020.3.0f1\Editor\Unity.exe
-adb2
-batchMode
-noUpm
-name
AssetImportWorker0
-projectPath
D:/Documentos/stickStadium
-logFile
Logs/AssetImportWorker0.log
-srvPort
53039
Successfully changed project path to: D:/Documentos/stickStadium
D:/Documentos/stickStadium
Using Asset Import Pipeline V2.
Refreshing native plugins compatible for Editor in 58.21 ms, found 0 plugins.
Preloading 0 native plugins for Editor in 0.00 ms.
Initialize engine version: 2020.3.0f1 (c7b5465681fb)
[Subsystems] Discovering subsystems at path D:/Program Files (x86)/Unity/unityeditorfolder/2020.3.0f1/Editor/Data/Resources/UnitySubsystems
[Subsystems] Discovering subsystems at path D:/Documentos/stickStadium/Assets
GfxDevice: creating device client; threaded=0
Direct3D:
    Version:  Direct3D 11.0 [level 11.0]
    Renderer: NVIDIA GeForce GTX 750 Ti (ID=0x1380)
    Vendor:   
    VRAM:     2007 MB
    Driver:   27.21.14.6627
Initialize mono
Mono path[0] = 'D:/Program Files (x86)/Unity/unityeditorfolder/2020.3.0f1/Editor/Data/Managed'
Mono path[1] = 'D:/Program Files (x86)/Unity/unityeditorfolder/2020.3.0f1/Editor/Data/MonoBleedingEdge/lib/mono/unityjit'
Mono config path = 'D:/Program Files (x86)/Unity/unityeditorfolder/2020.3.0f1/Editor/Data/MonoBleedingEdge/etc'
Using monoOptions --debugger-agent=transport=dt_socket,embedding=1,server=y,suspend=n,address=127.0.0.1:56644
Begin MonoManager ReloadAssembly
Registering precompiled unity dll's ...
Register platform support module: D:/Program Files (x86)/Unity/unityeditorfolder/2020.3.0f1/Editor/Data/PlaybackEngines/WindowsStandaloneSupport/UnityEditor.WindowsStandalone.Extensions.dll
Register platform support module: D:/Program Files (x86)/Unity/unityeditorfolder/2020.3.0f1/Editor/Data/PlaybackEngines/LinuxStandaloneSupport/UnityEditor.LinuxStandalone.Extensions.dll
Registered in 0.005066 seconds.
Native extension for LinuxStandalone target not found
Native extension for WindowsStandalone target not found
Refreshing native plugins compatible for Editor in 92.18 ms, found 0 plugins.
Preloading 0 native plugins for Editor in 0.00 ms.
Invoked RoslynAnalysisRunner static constructor.
RoslynAnalysisRunner will not be running.
RoslynAnalysisRunner has terminated.
Mono: successfully reloaded assembly
- Completed reload, in  4.325 seconds
Platform modules already initialized, skipping
Registering precompiled user dll's ...
Registered in 0.001322 seconds.
Begin MonoManager ReloadAssembly
Native extension for LinuxStandalone target not found
Native extension for WindowsStandalone target not found
Refreshing native plugins compatible for Editor in 0.36 ms, found 0 plugins.
Preloading 0 native plugins for Editor in 0.00 ms.
Invoked RoslynAnalysisRunner static constructor.
RoslynAnalysisRunner will not be running.
RoslynAnalysisRunner has terminated.
Mono: successfully reloaded assembly
- Completed reload, in  1.652 seconds
Platform modules already initialized, skipping
========================================================================
Worker process is ready to serve import requests
Launched and connected shader compiler UnityShaderCompiler.exe after 0.07 seconds
Refreshing native plugins compatible for Editor in 0.36 ms, found 0 plugins.
Preloading 0 native plugins for Editor in 0.00 ms.
Unloading 1195 Unused Serialized files (Serialized files now loaded: 0)
System memory in use before: 59.4 MB.
System memory in use after: 59.5 MB.

Unloading 13 unused Assets to reduce memory usage. Loaded Objects now: 1641.
Total: 2.506800 ms (FindLiveObjects: 0.244100 ms CreateObjectMapping: 0.072200 ms MarkObjects: 2.105000 ms  DeleteObjects: 0.084300 ms)

========================================================================
Received Import Request.
  path: Assets/Scripts/MainMenu.cs
  artifactKey: Guid(533b77427b890f7408785eab9d3921a9) Importer(815301076,1909f56bfc062723c751e8b465ee728b)
Start importing Assets/Scripts/MainMenu.cs using Guid(533b77427b890f7408785eab9d3921a9) Importer(815301076,1909f56bfc062723c751e8b465ee728b)  -> (artifact id: '642bf39fa6ce46ba29a89505f8e908bf') in 0.086697 seconds
  Import took 0.106842 seconds .

========================================================================
Received Import Request.
  Time since last request: 4.576953 seconds.
  path: Assets/Scripts/PauseScreen.cs
  artifactKey: Guid(c45aeb2cc936fe24486df9b01fe9694f) Importer(815301076,1909f56bfc062723c751e8b465ee728b)
Start importing Assets/Scripts/PauseScreen.cs using Guid(c45aeb2cc936fe24486df9b01fe9694f) Importer(815301076,1909f56bfc062723c751e8b465ee728b)  -> (artifact id: '1a5f4482c68a82da176b69b3a0ed1ab6') in 0.002642 seconds
  Import took 0.005172 seconds .

========================================================================
Received Import Request.
  Time since last request: 0.001418 seconds.
  path: Assets/Scripts/PauseScreen.cs
  artifactKey: Guid(c45aeb2cc936fe24486df9b01fe9694f) Importer(815301076,1909f56bfc062723c751e8b465ee728b)
Start importing Assets/Scripts/PauseScreen.cs using Guid(c45aeb2cc936fe24486df9b01fe9694f) Importer(815301076,1909f56bfc062723c751e8b465ee728b)  -> (artifact id: '1a5f4482c68a82da176b69b3a0ed1ab6') in 0.003485 seconds
  Import took 0.006225 seconds .

========================================================================
Received Import Request.
  Time since last request: 72.939942 seconds.
  path: Assets/Scripts/LevelManager.cs
  artifactKey: Guid(ee182f83efead9f4087bbe010b25d11d) Importer(815301076,1909f56bfc062723c751e8b465ee728b)
Start importing Assets/Scripts/LevelManager.cs using Guid(ee182f83efead9f4087bbe010b25d11d) Importer(815301076,1909f56bfc062723c751e8b465ee728b)  -> (artifact id: 'a656ec3b8fa65fb8fe828d0f09b7006b') in 0.002931 seconds
  Import took 0.005768 seconds .

========================================================================
Received Import Request.
  Time since last request: 0.021119 seconds.
  path: Assets/Scripts/LevelManager.cs
  artifactKey: Guid(ee182f83efead9f4087bbe010b25d11d) Importer(815301076,1909f56bfc062723c751e8b465ee728b)
Start importing Assets/Scripts/LevelManager.cs using Guid(ee182f83efead9f4087bbe010b25d11d) Importer(815301076,1909f56bfc062723c751e8b465ee728b)  -> (artifact id: 'a656ec3b8fa65fb8fe828d0f09b7006b') in 0.002323 seconds
  Import took 0.005257 seconds .

========================================================================
Received Import Request.
  Time since last request: 1270.664745 seconds.
  path: Assets/Scripts/KeysController.cs
  artifactKey: Guid(cd0d6570dcd4fc04b994497b2f5a9868) Importer(815301076,1909f56bfc062723c751e8b465ee728b)
Start importing Assets/Scripts/KeysController.cs using Guid(cd0d6570dcd4fc04b994497b2f5a9868) Importer(815301076,1909f56bfc062723c751e8b465ee728b)  -> (artifact id: '6ebfaee7387b54ffb73e4104abb54538') in 0.002855 seconds
  Import took 0.006445 seconds .

========================================================================
Received Import Request.
  Time since last request: 0.020938 seconds.
  path: Assets/Scripts/KeysController.cs
  artifactKey: Guid(cd0d6570dcd4fc04b994497b2f5a9868) Importer(815301076,1909f56bfc062723c751e8b465ee728b)
Start importing Assets/Scripts/KeysController.cs using Guid(cd0d6570dcd4fc04b994497b2f5a9868) Importer(815301076,1909f56bfc062723c751e8b465ee728b)  -> (artifact id: '6ebfaee7387b54ffb73e4104abb54538') in 0.002901 seconds
  Import took 0.006239 seconds .

========================================================================
Received Import Request.
  Time since last request: 21.800909 seconds.
  path: Assets/Scripts/EnemyController.cs
  artifactKey: Guid(70cfff69f257ce4428390c6c263be36a) Importer(815301076,1909f56bfc062723c751e8b465ee728b)
Start importing Assets/Scripts/EnemyController.cs using Guid(70cfff69f257ce4428390c6c263be36a) Importer(815301076,1909f56bfc062723c751e8b465ee728b)  -> (artifact id: '3a3ebd719c419a5d5539676af464eec3') in 0.020385 seconds
  Import took 0.023206 seconds .

========================================================================
Received Import Request.
  Time since last request: 0.000591 seconds.
  path: Assets/Scripts/EnemyController.cs
  artifactKey: Guid(70cfff69f257ce4428390c6c263be36a) Importer(815301076,1909f56bfc062723c751e8b465ee728b)
Start importing Assets/Scripts/EnemyController.cs using Guid(70cfff69f257ce4428390c6c263be36a) Importer(815301076,1909f56bfc062723c751e8b465ee728b)  -> (artifact id: '3a3ebd719c419a5d5539676af464eec3') in 0.002918 seconds
  Import took 0.005330 seconds .

========================================================================
Received Import Request.
  Time since last request: 2.786164 seconds.
  path: Assets/Scripts/CloudsScript.cs
  artifactKey: Guid(3c75b2622051dc04296cb37c671cbf5b) Importer(815301076,1909f56bfc062723c751e8b465ee728b)
Start importing Assets/Scripts/CloudsScript.cs using Guid(3c75b2622051dc04296cb37c671cbf5b) Importer(815301076,1909f56bfc062723c751e8b465ee728b)  -> (artifact id: '3a1a00e53affcf10221573e89924a9e6') in 0.002423 seconds
  Import took 0.021026 seconds .

AssetImportWorkerClient::OnTransportError - code=2 error=End of file
